<?xml version="1.0" encoding="UTF-8"?>
<testng-results skipped="0" failed="0" ignored="0" total="1" passed="1">
  <reporter-output>
  </reporter-output>
  <suite name="Default suite" duration-ms="58913" started-at="2019-04-04T20:33:16Z" finished-at="2019-04-04T20:34:15Z">
    <groups>
    </groups>
    <test name="Default test" duration-ms="58913" started-at="2019-04-04T20:33:16Z" finished-at="2019-04-04T20:34:15Z">
      <class name="testDriver.TestBase">
        <test-method status="PASS" signature="initilize()[pri:0, instance:testDriver.TestBase@74a10858]" name="initilize" is-config="true" duration-ms="1613" started-at="2019-04-04T20:33:16Z" finished-at="2019-04-04T20:33:18Z">
          <reporter-output>
          </reporter-output>
        </test-method> <!-- initilize -->
        <test-method status="PASS" signature="execute_TestCase()[pri:0, instance:testDriver.TestBase@74a10858]" name="execute_TestCase" duration-ms="57271" started-at="2019-04-04T20:33:18Z" finished-at="2019-04-04T20:34:15Z">
          <reporter-output>
          </reporter-output>
        </test-method> <!-- execute_TestCase -->
      </class> <!-- testDriver.TestBase -->
    </test> <!-- Default test -->
  </suite> <!-- Default suite -->
</testng-results>
